<?xml version="1.0" encoding="UTF-8"?>
<testng-results skipped="3" failed="0" total="3" passed="0">
  <reporter-output>
  </reporter-output>
  <suite name="Default suite" duration-ms="1059" started-at="2018-03-04T17:51:24Z" finished-at="2018-03-04T17:51:25Z">
    <groups>
    </groups>
    <test name="Default test" duration-ms="1059" started-at="2018-03-04T17:51:24Z" finished-at="2018-03-04T17:51:25Z">
      <class name="com.sample.auto_selinium_sample.Testcase">
        <test-method status="FAIL" signature="setUp(java.lang.String)[pri:0, instance:com.sample.auto_selinium_sample.Testcase@59f99ea]" name="setUp" is-config="true" duration-ms="0" started-at="2018-03-04T09:51:24Z" finished-at="2018-03-04T09:51:24Z">
          <params>
            <param index="0">
              <value>
                <![CDATA[https://weather.com/]]>
              </value>
            </param>
          </params>
          <exception class="java.lang.IllegalStateException">
            <message>
              <![CDATA[The driver executable does not exist: /Users/hardikpatel/eclipse-workspace/auto-selinium-sample\chromedriver.exe]]>
            </message>
            <full-stacktrace>
              <![CDATA[java.lang.IllegalStateException: The driver executable does not exist: /Users/hardikpatel/eclipse-workspace/auto-selinium-sample\chromedriver.exe
	at com.google.common.base.Preconditions.checkState(Preconditions.java:518)
	at org.openqa.selenium.remote.service.DriverService.checkExecutable(DriverService.java:136)
	at org.openqa.selenium.remote.service.DriverService.findExecutable(DriverService.java:131)
	at org.openqa.selenium.chrome.ChromeDriverService.access$000(ChromeDriverService.java:32)
	at org.openqa.selenium.chrome.ChromeDriverService$Builder.findDefaultExecutable(ChromeDriverService.java:137)
	at org.openqa.selenium.remote.service.DriverService$Builder.build(DriverService.java:330)
	at org.openqa.selenium.chrome.ChromeDriverService.createDefaultService(ChromeDriverService.java:88)
	at org.openqa.selenium.chrome.ChromeDriver.<init>(ChromeDriver.java:158)
	at com.sample.auto_selinium_sample.BaseTest.setUp(BaseTest.java:32)
	at sun.reflect.NativeMethodAccessorImpl.invoke0(Native Method)
	at sun.reflect.NativeMethodAccessorImpl.invoke(NativeMethodAccessorImpl.java:62)
	at sun.reflect.DelegatingMethodAccessorImpl.invoke(DelegatingMethodAccessorImpl.java:43)
	at java.lang.reflect.Method.invoke(Method.java:498)
	at org.testng.internal.MethodInvocationHelper.invokeMethod(MethodInvocationHelper.java:85)
	at org.testng.internal.Invoker.invokeConfigurationMethod(Invoker.java:517)
	at org.testng.internal.Invoker.invokeConfigurations(Invoker.java:213)
	at org.testng.internal.Invoker.invokeConfigurations(Invoker.java:140)
	at org.testng.internal.TestMethodWorker.invokeBeforeClassMethods(TestMethodWorker.java:170)
	at org.testng.internal.TestMethodWorker.run(TestMethodWorker.java:104)
	at org.testng.TestRunner.privateRun(TestRunner.java:771)
	at org.testng.TestRunner.run(TestRunner.java:621)
	at org.testng.SuiteRunner.runTest(SuiteRunner.java:357)
	at org.testng.SuiteRunner.runSequentially(SuiteRunner.java:352)
	at org.testng.SuiteRunner.privateRun(SuiteRunner.java:310)
	at org.testng.SuiteRunner.run(SuiteRunner.java:259)
	at org.testng.SuiteRunnerWorker.runSuite(SuiteRunnerWorker.java:52)
	at org.testng.SuiteRunnerWorker.run(SuiteRunnerWorker.java:86)
	at org.testng.TestNG.runSuitesSequentially(TestNG.java:1199)
	at org.testng.TestNG.runSuitesLocally(TestNG.java:1124)
	at org.testng.TestNG.run(TestNG.java:1032)
	at org.testng.remote.AbstractRemoteTestNG.run(AbstractRemoteTestNG.java:114)
	at org.testng.remote.RemoteTestNG.initAndRun(RemoteTestNG.java:251)
	at org.testng.remote.RemoteTestNG.main(RemoteTestNG.java:77)
]]>
            </full-stacktrace>
          </exception> <!-- java.lang.IllegalStateException -->
          <reporter-output>
          </reporter-output>
        </test-method> <!-- setUp -->
        <test-method status="SKIP" signature="init()[pri:0, instance:com.sample.auto_selinium_sample.Testcase@59f99ea]" name="init" is-config="true" duration-ms="0" started-at="2018-03-04T09:51:25Z" finished-at="2018-03-04T09:51:25Z">
          <reporter-output>
          </reporter-output>
        </test-method> <!-- init -->
        <test-method status="SKIP" signature="test1()[pri:0, instance:com.sample.auto_selinium_sample.Testcase@59f99ea]" name="test1" duration-ms="2" started-at="2018-03-04T09:51:25Z" finished-at="2018-03-04T09:51:25Z">
          <reporter-output>
          </reporter-output>
        </test-method> <!-- test1 -->
        <test-method status="SKIP" signature="partitionLine()[pri:0, instance:com.sample.auto_selinium_sample.Testcase@59f99ea]" name="partitionLine" is-config="true" duration-ms="0" started-at="2018-03-04T09:51:25Z" finished-at="2018-03-04T09:51:25Z">
          <reporter-output>
          </reporter-output>
        </test-method> <!-- partitionLine -->
        <test-method status="SKIP" signature="test2()[pri:0, instance:com.sample.auto_selinium_sample.Testcase@59f99ea]" name="test2" duration-ms="0" started-at="2018-03-04T09:51:25Z" finished-at="2018-03-04T09:51:25Z">
          <reporter-output>
          </reporter-output>
        </test-method> <!-- test2 -->
        <test-method status="SKIP" signature="partitionLine()[pri:0, instance:com.sample.auto_selinium_sample.Testcase@59f99ea]" name="partitionLine" is-config="true" duration-ms="0" started-at="2018-03-04T09:51:25Z" finished-at="2018-03-04T09:51:25Z">
          <reporter-output>
          </reporter-output>
        </test-method> <!-- partitionLine -->
        <test-method status="SKIP" signature="test3()[pri:0, instance:com.sample.auto_selinium_sample.Testcase@59f99ea]" name="test3" duration-ms="1" started-at="2018-03-04T09:51:25Z" finished-at="2018-03-04T09:51:25Z">
          <reporter-output>
          </reporter-output>
        </test-method> <!-- test3 -->
        <test-method status="SKIP" signature="partitionLine()[pri:0, instance:com.sample.auto_selinium_sample.Testcase@59f99ea]" name="partitionLine" is-config="true" duration-ms="0" started-at="2018-03-04T09:51:25Z" finished-at="2018-03-04T09:51:25Z">
          <reporter-output>
          </reporter-output>
        </test-method> <!-- partitionLine -->
      </class> <!-- com.sample.auto_selinium_sample.Testcase -->
    </test> <!-- Default test -->
  </suite> <!-- Default suite -->
</testng-results>
